<?xml version="1.0" encoding="UTF-8"?>
<testsuite xmlns:xsi="http://www.w3.org/2001/XMLSchema-instance" xsi:noNamespaceSchemaLocation="https://maven.apache.org/surefire/maven-surefire-plugin/xsd/surefire-test-report-3.0.xsd" version="3.0" name="com.nephren.raven.apiclient.RavenApiClientPostTests" time="0.416" tests="9" errors="0" skipped="0" failures="0">
  <properties>
[...]
</properties>
  <testcase name="postRequestMultipartNoArgs" classname="com.nephren.raven.apiclient.RavenApiClientPostTests" time="0.032">
    <system-out><![CDATA[&amp#27;[2m2025-03-10T10:06:25.854+07:00&amp#27;[0;39m &amp#27;[32m INFO&amp#27;[0;39m &amp#27;[35m11988&amp#27;[0;39m &amp#27;[2m---&amp#27;[0;39m &amp#27;[2m[           main]&amp#27;[0;39m &amp#27;[2m&amp#27;[0;39m&amp#27;[36mt.c.s.AnnotationConfigContextLoaderUtils&amp#27;[0;39m &amp#27;[2m:&amp#27;[0;39m Could not detect default configuration classes for test class [com.nephren.raven.apiclient.RavenApiClientPostTests]: RavenApiClientPostTests does not declare any static, non-private, non-final, nested classes annotated with @Configuration.
&amp#27;[2m2025-03-10T10:06:25.862+07:00&amp#27;[0;39m &amp#27;[32m INFO&amp#27;[0;39m &amp#27;[35m11988&amp#27;[0;39m &amp#27;[2m---&amp#27;[0;39m &amp#27;[2m[           main]&amp#27;[0;39m &amp#27;[2m&amp#27;[0;39m&amp#27;[36m.b.t.c.SpringBootTestContextBootstrapper&amp#27;[0;39m &amp#27;[2m:&amp#27;[0;39m Found @SpringBootConfiguration com.nephren.raven.apiclient.RavenApiClientApplication for test class com.nephren.raven.apiclient.RavenApiClientPostTests
&amp#27;[2m2025-03-10T10:06:25.873+07:00&amp#27;[0;39m &amp#27;[32mTRACE&amp#27;[0;39m &amp#27;[35m11988&amp#27;[0;39m &amp#27;[2m---&amp#27;[0;39m &amp#27;[2m[           main]&amp#27;[0;39m &amp#27;[2m&amp#27;[0;39m&amp#27;[36mo.s.w.r.f.client.ExchangeFunctions      &amp#27;[0;39m &amp#27;[2m:&amp#27;[0;39m [55682482] HTTP POST http://localhost:8080/post/multipart-noArgs, headers={masked}
&amp#27;[2m2025-03-10T10:06:25.891+07:00&amp#27;[0;39m &amp#27;[31mERROR&amp#27;[0;39m &amp#27;[35m11988&amp#27;[0;39m &amp#27;[2m---&amp#27;[0;39m &amp#27;[2m[     parallel-7]&amp#27;[0;39m &amp#27;[2m&amp#27;[0;39m&amp#27;[36ma.w.r.e.AbstractErrorWebExceptionHandler&amp#27;[0;39m &amp#27;[2m:&amp#27;[0;39m [97814f3]  500 Server Error for HTTP POST "/post/multipart-noArgs"

java.lang.NullPointerException: The mapper returned a null Publisher
	at java.base/java.util.Objects.requireNonNull(Objects.java:259) ~[na:na]
	Suppressed: java.lang.IllegalArgumentException: 'part' must not be null
		at org.springframework.util.Assert.notNull(Assert.java:172) ~[spring-core-6.1.11.jar:6.1.11]
		at org.springframework.http.client.MultipartBodyBuilder.part(MultipartBodyBuilder.java:129) ~[spring-web-6.1.11.jar:6.1.11]
		at org.springframework.http.client.MultipartBodyBuilder.part(MultipartBodyBuilder.java:117) ~[spring-web-6.1.11.jar:6.1.11]
		at com.nephren.raven.apiclient.body.MultipartBodyResolver.lambda$handleMultipart$8(MultipartBodyResolver.java:71) ~[classes/:na]
		at reactor.core.publisher.FluxMapFuseable$MapFuseableSubscriber.onNext(FluxMapFuseable.java:113) ~[reactor-core-3.6.8.jar:3.6.8]
		at reactor.core.publisher.Operators$ScalarSubscription.request(Operators.java:2571) ~[reactor-core-3.6.8.jar:3.6.8]
		at reactor.core.publisher.FluxMapFuseable$MapFuseableSubscriber.request(FluxMapFuseable.java:171) ~[reactor-core-3.6.8.jar:3.6.8]
		at reactor.core.publisher.FluxMapFuseable$MapFuseableSubscriber.request(FluxMapFuseable.java:171) ~[reactor-core-3.6.8.jar:3.6.8]
		at reactor.core.publisher.MonoFlatMap$FlatMapInner.onSubscribe(MonoFlatMap.java:291) ~[reactor-core-3.6.8.jar:3.6.8]
		at reactor.core.publisher.FluxMapFuseable$MapFuseableSubscriber.onSubscribe(FluxMapFuseable.java:96) ~[reactor-core-3.6.8.jar:3.6.8]
		at reactor.core.publisher.FluxMapFuseable$MapFuseableSubscriber.onSubscribe(FluxMapFuseable.java:96) ~[reactor-core-3.6.8.jar:3.6.8]
		at reactor.core.publisher.MonoJust.subscribe(MonoJust.java:55) ~[reactor-core-3.6.8.jar:3.6.8]
		at reactor.core.publisher.InternalMonoOperator.subscribe(InternalMonoOperator.java:76) ~[reactor-core-3.6.8.jar:3.6.8]
		at reactor.core.publisher.MonoFlatMap$FlatMapMain.onNext(MonoFlatMap.java:165) ~[reactor-core-3.6.8.jar:3.6.8]
		at reactor.core.publisher.Operators$BaseFluxToMonoOperator.completePossiblyEmpty(Operators.java:2097) ~[reactor-core-3.6.8.jar:3.6.8]
		at reactor.core.publisher.MonoReduceSeed$ReduceSeedSubscriber.onComplete(MonoReduceSeed.java:163) ~[reactor-core-3.6.8.jar:3.6.8]
		at reactor.core.publisher.FluxFlatMap$FlatMapMain.checkTerminated(FluxFlatMap.java:850) ~[reactor-core-3.6.8.jar:3.6.8]
		at reactor.core.publisher.FluxFlatMap$FlatMapMain.drainLoop(FluxFlatMap.java:612) ~[reactor-core-3.6.8.jar:3.6.8]
		at reactor.core.publisher.FluxFlatMap$FlatMapMain.drain(FluxFlatMap.java:592) ~[reactor-core-3.6.8.jar:3.6.8]
		at reactor.core.publisher.FluxFlatMap$FlatMapMain.onComplete(FluxFlatMap.java:469) ~[reactor-core-3.6.8.jar:3.6.8]
		at reactor.core.publisher.FluxIndexFuseable$IndexFuseableSubscriber.onComplete(FluxIndexFuseable.java:151) ~[reactor-core-3.6.8.jar:3.6.8]
		at reactor.core.publisher.Operators$ScalarSubscription.request(Operators.java:2573) ~[reactor-core-3.6.8.jar:3.6.8]
		at reactor.core.publisher.FluxIndexFuseable$IndexFuseableSubscriber.request(FluxIndexFuseable.java:161) ~[reactor-core-3.6.8.jar:3.6.8]
		at reactor.core.publisher.FluxFlatMap$FlatMapMain.onSubscribe(FluxFlatMap.java:373) ~[reactor-core-3.6.8.jar:3.6.8]
		at reactor.core.publisher.FluxIndexFuseable$IndexFuseableSubscriber.onSubscribe(FluxIndexFuseable.java:92) ~[reactor-core-3.6.8.jar:3.6.8]
		at reactor.core.publisher.FluxJust.subscribe(FluxJust.java:68) ~[reactor-core-3.6.8.jar:3.6.8]
		at reactor.core.publisher.InternalMonoOperator.subscribe(InternalMonoOperator.java:76) ~[reactor-core-3.6.8.jar:3.6.8]
		at reactor.core.publisher.MonoFlatMap$FlatMapMain.onNext(MonoFlatMap.java:165) ~[reactor-core-3.6.8.jar:3.6.8]
		at reactor.core.publisher.FluxMapFuseable$MapFuseableSubscriber.onNext(FluxMapFuseable.java:129) ~[reactor-core-3.6.8.jar:3.6.8]
		at reactor.core.publisher.FluxMapFuseable$MapFuseableSubscriber.onNext(FluxMapFuseable.java:129) ~[reactor-core-3.6.8.jar:3.6.8]
		at reactor.core.publisher.FluxMapFuseable$MapFuseableSubscriber.onNext(FluxMapFuseable.java:129) ~[reactor-core-3.6.8.jar:3.6.8]
		at reactor.core.publisher.FluxMapFuseable$MapFuseableSubscriber.onNext(FluxMapFuseable.java:129) ~[reactor-core-3.6.8.jar:3.6.8]
		at reactor.core.publisher.MonoCallable$MonoCallableSubscription.request(MonoCallable.java:156) ~[reactor-core-3.6.8.jar:3.6.8]
		at reactor.core.publisher.FluxMapFuseable$MapFuseableSubscriber.request(FluxMapFuseable.java:171) ~[reactor-core-3.6.8.jar:3.6.8]
		at reactor.core.publisher.FluxMapFuseable$MapFuseableSubscriber.request(FluxMapFuseable.java:171) ~[reactor-core-3.6.8.jar:3.6.8]
		at reactor.core.publisher.FluxMapFuseable$MapFuseableSubscriber.request(FluxMapFuseable.java:171) ~[reactor-core-3.6.8.jar:3.6.8]
		at reactor.core.publisher.FluxMapFuseable$MapFuseableSubscriber.request(FluxMapFuseable.java:171) ~[reactor-core-3.6.8.jar:3.6.8]
		at reactor.core.publisher.MonoFlatMap$FlatMapMain.request(MonoFlatMap.java:194) ~[reactor-core-3.6.8.jar:3.6.8]
		at reactor.core.publisher.Operators$MultiSubscriptionSubscriber.set(Operators.java:2367) ~[reactor-core-3.6.8.jar:3.6.8]
		at reactor.core.publisher.FluxOnErrorResume$ResumeSubscriber.onSubscribe(FluxOnErrorResume.java:74) ~[reactor-core-3.6.8.jar:3.6.8]
		at reactor.core.publisher.MonoFlatMap$FlatMapMain.onSubscribe(MonoFlatMap.java:117) ~[reactor-core-3.6.8.jar:3.6.8]
		at reactor.core.publisher.FluxMapFuseable$MapFuseableSubscriber.onSubscribe(FluxMapFuseable.java:96) ~[reactor-core-3.6.8.jar:3.6.8]
		at reactor.core.publisher.FluxMapFuseable$MapFuseableSubscriber.onSubscribe(FluxMapFuseable.java:96) ~[reactor-core-3.6.8.jar:3.6.8]
		at reactor.core.publisher.FluxMapFuseable$MapFuseableSubscriber.onSubscribe(FluxMapFuseable.java:96) ~[reactor-core-3.6.8.jar:3.6.8]
		at reactor.core.publisher.FluxMapFuseable$MapFuseableSubscriber.onSubscribe(FluxMapFuseable.java:96) ~[reactor-core-3.6.8.jar:3.6.8]
		at reactor.core.publisher.MonoCallable.subscribe(MonoCallable.java:48) ~[reactor-core-3.6.8.jar:3.6.8]
		at reactor.core.publisher.InternalMonoOperator.subscribe(InternalMonoOperator.java:76) ~[reactor-core-3.6.8.jar:3.6.8]
		at reactor.core.publisher.MonoFlatMap$FlatMapMain.onNext(MonoFlatMap.java:165) ~[reactor-core-3.6.8.jar:3.6.8]
		at reactor.core.publisher.FluxOnErrorResume$ResumeSubscriber.onNext(FluxOnErrorResume.java:79) ~[reactor-core-3.6.8.jar:3.6.8]
		at reactor.core.publisher.FluxOnErrorResume$ResumeSubscriber.onNext(FluxOnErrorResume.java:79) ~[reactor-core-3.6.8.jar:3.6.8]
		at reactor.core.publisher.FluxPeek$PeekSubscriber.onNext(FluxPeek.java:200) ~[reactor-core-3.6.8.jar:3.6.8]
		at reactor.core.publisher.MonoIgnoreThen$ThenIgnoreMain.complete(MonoIgnoreThen.java:294) ~[reactor-core-3.6.8.jar:3.6.8]
		at reactor.core.publisher.MonoIgnoreThen$ThenIgnoreMain.onNext(MonoIgnoreThen.java:188) ~[reactor-core-3.6.8.jar:3.6.8]
		at reactor.core.publisher.Operators$ScalarSubscription.request(Operators.java:2571) ~[reactor-core-3.6.8.jar:3.6.8]
		at reactor.core.publisher.MonoIgnoreThen$ThenIgnoreMain.onSubscribe(MonoIgnoreThen.java:135) ~[reactor-core-3.6.8.jar:3.6.8]
		at reactor.core.publisher.FluxFlatMap.trySubscribeScalarMap(FluxFlatMap.java:193) ~[reactor-core-3.6.8.jar:3.6.8]
		at reactor.core.publisher.MonoFlatMap.subscribeOrReturn(MonoFlatMap.java:53) ~[reactor-core-3.6.8.jar:3.6.8]
		at reactor.core.publisher.InternalMonoOperator.subscribe(InternalMonoOperator.java:63) ~[reactor-core-3.6.8.jar:3.6.8]
		at reactor.core.publisher.MonoDefer.subscribe(MonoDefer.java:53) ~[reactor-core-3.6.8.jar:3.6.8]
		at reactor.core.publisher.MonoIgnoreThen$ThenIgnoreMain.subscribeNext(MonoIgnoreThen.java:241) ~[reactor-core-3.6.8.jar:3.6.8]
		at reactor.core.publisher.MonoIgnoreThen$ThenIgnoreMain.onComplete(MonoIgnoreThen.java:204) ~[reactor-core-3.6.8.jar:3.6.8]
		at reactor.core.publisher.MonoFlatMap$FlatMapMain.onComplete(MonoFlatMap.java:189) ~[reactor-core-3.6.8.jar:3.6.8]
		at reactor.core.publisher.Operators.complete(Operators.java:137) ~[reactor-core-3.6.8.jar:3.6.8]
		at reactor.core.publisher.MonoZip.subscribe(MonoZip.java:121) ~[reactor-core-3.6.8.jar:3.6.8]
		at reactor.core.publisher.Mono.subscribe(Mono.java:4568) ~[reactor-core-3.6.8.jar:3.6.8]
		at reactor.core.publisher.MonoIgnoreThen$ThenIgnoreMain.subscribeNext(MonoIgnoreThen.java:265) ~[reactor-core-3.6.8.jar:3.6.8]
		at reactor.core.publisher.MonoIgnoreThen.subscribe(MonoIgnoreThen.java:51) ~[reactor-core-3.6.8.jar:3.6.8]
		at reactor.core.publisher.InternalMonoOperator.subscribe(InternalMonoOperator.java:76) ~[reactor-core-3.6.8.jar:3.6.8]
		at reactor.core.publisher.MonoFlatMap$FlatMapMain.onNext(MonoFlatMap.java:165) ~[reactor-core-3.6.8.jar:3.6.8]
		at reactor.core.publisher.FluxOnErrorResume$ResumeSubscriber.onNext(FluxOnErrorResume.java:79) ~[reactor-core-3.6.8.jar:3.6.8]
		at reactor.core.publisher.FluxSwitchIfEmpty$SwitchIfEmptySubscriber.onNext(FluxSwitchIfEmpty.java:74) ~[reactor-core-3.6.8.jar:3.6.8]
		at reactor.core.publisher.MonoNext$NextSubscriber.onNext(MonoNext.java:82) ~[reactor-core-3.6.8.jar:3.6.8]
		at reactor.core.publisher.FluxConcatMapNoPrefetch$FluxConcatMapNoPrefetchSubscriber.innerNext(FluxConcatMapNoPrefetch.java:259) ~[reactor-core-3.6.8.jar:3.6.8]
		at reactor.core.publisher.FluxConcatMap$ConcatMapInner.onNext(FluxConcatMap.java:865) ~[reactor-core-3.6.8.jar:3.6.8]
		at reactor.core.publisher.FluxMapFuseable$MapFuseableSubscriber.onNext(FluxMapFuseable.java:129) ~[reactor-core-3.6.8.jar:3.6.8]
		at reactor.core.publisher.MonoPeekTerminal$MonoTerminalPeekSubscriber.onNext(MonoPeekTerminal.java:180) ~[reactor-core-3.6.8.jar:3.6.8]
		at reactor.core.publisher.Operators$ScalarSubscription.request(Operators.java:2571) ~[reactor-core-3.6.8.jar:3.6.8]
		at reactor.core.publisher.MonoPeekTerminal$MonoTerminalPeekSubscriber.request(MonoPeekTerminal.java:139) ~[reactor-core-3.6.8.jar:3.6.8]
		at reactor.core.publisher.FluxMapFuseable$MapFuseableSubscriber.request(FluxMapFuseable.java:171) ~[reactor-core-3.6.8.jar:3.6.8]
		at reactor.core.publisher.Operators$MultiSubscriptionSubscriber.request(Operators.java:2331) ~[reactor-core-3.6.8.jar:3.6.8]
		at reactor.core.publisher.FluxConcatMapNoPrefetch$FluxConcatMapNoPrefetchSubscriber.request(FluxConcatMapNoPrefetch.java:339) ~[reactor-core-3.6.8.jar:3.6.8]
		at reactor.core.publisher.MonoNext$NextSubscriber.request(MonoNext.java:108) ~[reactor-core-3.6.8.jar:3.6.8]
		at reactor.core.publisher.Operators$MultiSubscriptionSubscriber.set(Operators.java:2367) ~[reactor-core-3.6.8.jar:3.6.8]
		at reactor.core.publisher.Operators$MultiSubscriptionSubscriber.onSubscribe(Operators.java:2241) ~[reactor-core-3.6.8.jar:3.6.8]
		at reactor.core.publisher.MonoNext$NextSubscriber.onSubscribe(MonoNext.java:70) ~[reactor-core-3.6.8.jar:3.6.8]
		at reactor.core.publisher.FluxConcatMapNoPrefetch$FluxConcatMapNoPrefetchSubscriber.onSubscribe(FluxConcatMapNoPrefetch.java:164) ~[reactor-core-3.6.8.jar:3.6.8]
		at reactor.core.publisher.FluxIterable.subscribe(FluxIterable.java:201) ~[reactor-core-3.6.8.jar:3.6.8]
		at reactor.core.publisher.FluxIterable.subscribe(FluxIterable.java:83) ~[reactor-core-3.6.8.jar:3.6.8]
		at reactor.core.publisher.InternalMonoOperator.subscribe(InternalMonoOperator.java:76) ~[reactor-core-3.6.8.jar:3.6.8]
		at reactor.core.publisher.MonoDefer.subscribe(MonoDefer.java:53) ~[reactor-core-3.6.8.jar:3.6.8]
		at reactor.core.publisher.Mono.subscribe(Mono.java:4568) ~[reactor-core-3.6.8.jar:3.6.8]
		at reactor.core.publisher.MonoIgnoreThen$ThenIgnoreMain.subscribeNext(MonoIgnoreThen.java:265) ~[reactor-core-3.6.8.jar:3.6.8]
		at reactor.core.publisher.MonoIgnoreThen.subscribe(MonoIgnoreThen.java:51) ~[reactor-core-3.6.8.jar:3.6.8]
		at reactor.core.publisher.Mono.subscribe(Mono.java:4568) ~[reactor-core-3.6.8.jar:3.6.8]
		at reactor.core.publisher.Mono.subscribeWith(Mono.java:4634) ~[reactor-core-3.6.8.jar:3.6.8]
		at reactor.core.publisher.Mono.subscribe(Mono.java:4534) ~[reactor-core-3.6.8.jar:3.6.8]
		at reactor.core.publisher.Mono.subscribe(Mono.java:4470) ~[reactor-core-3.6.8.jar:3.6.8]
		at org.springframework.test.web.reactive.server.HttpHandlerConnector.lambda$doConnect$2(HttpHandlerConnector.java:100) ~[spring-test-6.1.11.jar:6.1.11]
		at org.springframework.mock.http.client.reactive.MockClientHttpRequest.lambda$writeWith$2(MockClientHttpRequest.java:124) ~[spring-test-6.1.11.jar:6.1.11]
		at reactor.core.publisher.MonoDefer.subscribe(MonoDefer.java:45) ~[reactor-core-3.6.8.jar:3.6.8]
		at reactor.core.publisher.Mono.subscribe(Mono.java:4568) ~[reactor-core-3.6.8.jar:3.6.8]
		at reactor.core.publisher.FluxConcatIterable$ConcatIterableSubscriber.onComplete(FluxConcatIterable.java:148) ~[reactor-core-3.6.8.jar:3.6.8]
		at reactor.core.publisher.FluxConcatIterable.subscribe(FluxConcatIterable.java:60) ~[reactor-core-3.6.8.jar:3.6.8]
		at reactor.core.publisher.Mono.subscribe(Mono.java:4568) ~[reactor-core-3.6.8.jar:3.6.8]
		at reactor.core.publisher.Mono.subscribeWith(Mono.java:4634) ~[reactor-core-3.6.8.jar:3.6.8]
		at reactor.core.publisher.Mono.subscribe(Mono.java:4534) ~[reactor-core-3.6.8.jar:3.6.8]
		at reactor.core.publisher.Mono.subscribe(Mono.java:4470) ~[reactor-core-3.6.8.jar:3.6.8]
		at org.springframework.test.web.reactive.server.HttpHandlerConnector.doConnect(HttpHandlerConnector.java:114) ~[spring-test-6.1.11.jar:6.1.11]
		at org.springframework.test.web.reactive.server.HttpHandlerConnector.lambda$connect$0(HttpHandlerConnector.java:81) ~[spring-test-6.1.11.jar:6.1.11]
		at reactor.core.publisher.MonoDefer.subscribe(MonoDefer.java:45) ~[reactor-core-3.6.8.jar:3.6.8]
		at reactor.core.publisher.Mono.subscribe(Mono.java:4568) ~[reactor-core-3.6.8.jar:3.6.8]
		at reactor.core.publisher.MonoSubscribeOn$SubscribeOnSubscriber.run(MonoSubscribeOn.java:126) ~[reactor-core-3.6.8.jar:3.6.8]
		at reactor.core.scheduler.WorkerTask.call(WorkerTask.java:84) ~[reactor-core-3.6.8.jar:3.6.8]
		at reactor.core.scheduler.WorkerTask.call(WorkerTask.java:37) ~[reactor-core-3.6.8.jar:3.6.8]
		at java.base/java.util.concurrent.FutureTask.run(FutureTask.java:317) ~[na:na]
		at java.base/java.util.concurrent.ScheduledThreadPoolExecutor$ScheduledFutureTask.run(ScheduledThreadPoolExecutor.java:304) ~[na:na]
		at java.base/java.util.concurrent.ThreadPoolExecutor.runWorker(ThreadPoolExecutor.java:1144) ~[na:na]
		at java.base/java.util.concurrent.ThreadPoolExecutor$Worker.run(ThreadPoolExecutor.java:642) ~[na:na]
		at java.base/java.lang.Thread.run(Thread.java:1583) ~[na:na]
	Suppressed: reactor.core.publisher.FluxOnAssembly$OnAssemblyException: 
Error has been observed at the following site(s):
	*__checkpoint ⇢ Handler com.nephren.raven.apiclient.serviceExample.controller.POSTController#postRequestMultipart() [DispatcherHandler]
	*__checkpoint ⇢ HTTP POST "/post/multipart-noArgs" [ExceptionHandlingWebHandler]
Original Stack Trace:
		at java.base/java.util.Objects.requireNonNull(Objects.java:259) ~[na:na]
		at reactor.core.publisher.FluxFlatMap.trySubscribeScalarMap(FluxFlatMap.java:153) ~[reactor-core-3.6.8.jar:3.6.8]
		at reactor.core.publisher.MonoFlatMap.subscribeOrReturn(MonoFlatMap.java:53) ~[reactor-core-3.6.8.jar:3.6.8]
		at reactor.core.publisher.Mono.subscribe(Mono.java:4552) ~[reactor-core-3.6.8.jar:3.6.8]
		at reactor.core.publisher.FluxOnErrorResume$ResumeSubscriber.onError(FluxOnErrorResume.java:103) ~[reactor-core-3.6.8.jar:3.6.8]
		at reactor.core.publisher.MonoFlatMap$FlatMapMain.secondError(MonoFlatMap.java:241) ~[reactor-core-3.6.8.jar:3.6.8]
		at reactor.core.publisher.MonoFlatMap$FlatMapInner.onError(MonoFlatMap.java:315) ~[reactor-core-3.6.8.jar:3.6.8]
		at reactor.core.publisher.MonoFlatMap$FlatMapMain.onError(MonoFlatMap.java:180) ~[reactor-core-3.6.8.jar:3.6.8]
		at reactor.core.publisher.FluxMap$MapSubscriber.onError(FluxMap.java:134) ~[reactor-core-3.6.8.jar:3.6.8]
		at reactor.core.publisher.Operators$MultiSubscriptionSubscriber.onError(Operators.java:2236) ~[reactor-core-3.6.8.jar:3.6.8]
		at reactor.core.publisher.FluxMapFuseable$MapFuseableSubscriber.onError(FluxMapFuseable.java:142) ~[reactor-core-3.6.8.jar:3.6.8]
		at reactor.core.publisher.MonoFlatMap$FlatMapMain.secondError(MonoFlatMap.java:241) ~[reactor-core-3.6.8.jar:3.6.8]
		at reactor.core.publisher.MonoFlatMap$FlatMapInner.onError(MonoFlatMap.java:315) ~[reactor-core-3.6.8.jar:3.6.8]
		at reactor.core.publisher.FluxMapFuseable$MapFuseableSubscriber.onError(FluxMapFuseable.java:142) ~[reactor-core-3.6.8.jar:3.6.8]
		at reactor.core.publisher.FluxMapFuseable$MapFuseableSubscriber.onError(FluxMapFuseable.java:142) ~[reactor-core-3.6.8.jar:3.6.8]
		at reactor.core.publisher.FluxMapFuseable$MapFuseableSubscriber.onNext(FluxMapFuseable.java:121) ~[reactor-core-3.6.8.jar:3.6.8]
		at reactor.core.publisher.Operators$ScalarSubscription.request(Operators.java:2571) ~[reactor-core-3.6.8.jar:3.6.8]
		at reactor.core.publisher.FluxMapFuseable$MapFuseableSubscriber.request(FluxMapFuseable.java:171) ~[reactor-core-3.6.8.jar:3.6.8]
		at reactor.core.publisher.FluxMapFuseable$MapFuseableSubscriber.request(FluxMapFuseable.java:171) ~[reactor-core-3.6.8.jar:3.6.8]
		at reactor.core.publisher.MonoFlatMap$FlatMapInner.onSubscribe(MonoFlatMap.java:291) ~[reactor-core-3.6.8.jar:3.6.8]
		at reactor.core.publisher.FluxMapFuseable$MapFuseableSubscriber.onSubscribe(FluxMapFuseable.java:96) ~[reactor-core-3.6.8.jar:3.6.8]
		at reactor.core.publisher.FluxMapFuseable$MapFuseableSubscriber.onSubscribe(FluxMapFuseable.java:96) ~[reactor-core-3.6.8.jar:3.6.8]
		at reactor.core.publisher.MonoJust.subscribe(MonoJust.java:55) ~[reactor-core-3.6.8.jar:3.6.8]
		at reactor.core.publisher.InternalMonoOperator.subscribe(InternalMonoOperator.java:76) ~[reactor-core-3.6.8.jar:3.6.8]
		at reactor.core.publisher.MonoFlatMap$FlatMapMain.onNext(MonoFlatMap.java:165) ~[reactor-core-3.6.8.jar:3.6.8]
		at reactor.core.publisher.Operators$BaseFluxToMonoOperator.completePossiblyEmpty(Operators.java:2097) ~[reactor-core-3.6.8.jar:3.6.8]
		at reactor.core.publisher.MonoReduceSeed$ReduceSeedSubscriber.onComplete(MonoReduceSeed.java:163) ~[reactor-core-3.6.8.jar:3.6.8]
		at reactor.core.publisher.FluxFlatMap$FlatMapMain.checkTerminated(FluxFlatMap.java:850) ~[reactor-core-3.6.8.jar:3.6.8]
		at reactor.core.publisher.FluxFlatMap$FlatMapMain.drainLoop(FluxFlatMap.java:612) ~[reactor-core-3.6.8.jar:3.6.8]
		at reactor.core.publisher.FluxFlatMap$FlatMapMain.drain(FluxFlatMap.java:592) ~[reactor-core-3.6.8.jar:3.6.8]
		at reactor.core.publisher.FluxFlatMap$FlatMapMain.onComplete(FluxFlatMap.java:469) ~[reactor-core-3.6.8.jar:3.6.8]
		at reactor.core.publisher.FluxIndexFuseable$IndexFuseableSubscriber.onComplete(FluxIndexFuseable.java:151) ~[reactor-core-3.6.8.jar:3.6.8]
		at reactor.core.publisher.Operators$ScalarSubscription.request(Operators.java:2573) ~[reactor-core-3.6.8.jar:3.6.8]
		at reactor.core.publisher.FluxIndexFuseable$IndexFuseableSubscriber.request(FluxIndexFuseable.java:161) ~[reactor-core-3.6.8.jar:3.6.8]
		at reactor.core.publisher.FluxFlatMap$FlatMapMain.onSubscribe(FluxFlatMap.java:373) ~[reactor-core-3.6.8.jar:3.6.8]
		at reactor.core.publisher.FluxIndexFuseable$IndexFuseableSubscriber.onSubscribe(FluxIndexFuseable.java:92) ~[reactor-core-3.6.8.jar:3.6.8]
		at reactor.core.publisher.FluxJust.subscribe(FluxJust.java:68) ~[reactor-core-3.6.8.jar:3.6.8]
		at reactor.core.publisher.InternalMonoOperator.subscribe(InternalMonoOperator.java:76) ~[reactor-core-3.6.8.jar:3.6.8]
		at reactor.core.publisher.MonoFlatMap$FlatMapMain.onNext(MonoFlatMap.java:165) ~[reactor-core-3.6.8.jar:3.6.8]
		at reactor.core.publisher.FluxMapFuseable$MapFuseableSubscriber.onNext(FluxMapFuseable.java:129) ~[reactor-core-3.6.8.jar:3.6.8]
		at reactor.core.publisher.FluxMapFuseable$MapFuseableSubscriber.onNext(FluxMapFuseable.java:129) ~[reactor-core-3.6.8.jar:3.6.8]
		at reactor.core.publisher.FluxMapFuseable$MapFuseableSubscriber.onNext(FluxMapFuseable.java:129) ~[reactor-core-3.6.8.jar:3.6.8]
		at reactor.core.publisher.FluxMapFuseable$MapFuseableSubscriber.onNext(FluxMapFuseable.java:129) ~[reactor-core-3.6.8.jar:3.6.8]
		at reactor.core.publisher.MonoCallable$MonoCallableSubscription.request(MonoCallable.java:156) ~[reactor-core-3.6.8.jar:3.6.8]
		at reactor.core.publisher.FluxMapFuseable$MapFuseableSubscriber.request(FluxMapFuseable.java:171) ~[reactor-core-3.6.8.jar:3.6.8]
		at reactor.core.publisher.FluxMapFuseable$MapFuseableSubscriber.request(FluxMapFuseable.java:171) ~[reactor-core-3.6.8.jar:3.6.8]
		at reactor.core.publisher.FluxMapFuseable$MapFuseableSubscriber.request(FluxMapFuseable.java:171) ~[reactor-core-3.6.8.jar:3.6.8]
		at reactor.core.publisher.FluxMapFuseable$MapFuseableSubscriber.request(FluxMapFuseable.java:171) ~[reactor-core-3.6.8.jar:3.6.8]
		at reactor.core.publisher.MonoFlatMap$FlatMapMain.request(MonoFlatMap.java:194) ~[reactor-core-3.6.8.jar:3.6.8]
		at reactor.core.publisher.Operators$MultiSubscriptionSubscriber.set(Operators.java:2367) ~[reactor-core-3.6.8.jar:3.6.8]
		at reactor.core.publisher.FluxOnErrorResume$ResumeSubscriber.onSubscribe(FluxOnErrorResume.java:74) ~[reactor-core-3.6.8.jar:3.6.8]
		at reactor.core.publisher.MonoFlatMap$FlatMapMain.onSubscribe(MonoFlatMap.java:117) ~[reactor-core-3.6.8.jar:3.6.8]
		at reactor.core.publisher.FluxMapFuseable$MapFuseableSubscriber.onSubscribe(FluxMapFuseable.java:96) ~[reactor-core-3.6.8.jar:3.6.8]
		at reactor.core.publisher.FluxMapFuseable$MapFuseableSubscriber.onSubscribe(FluxMapFuseable.java:96) ~[reactor-core-3.6.8.jar:3.6.8]
		at reactor.core.publisher.FluxMapFuseable$MapFuseableSubscriber.onSubscribe(FluxMapFuseable.java:96) ~[reactor-core-3.6.8.jar:3.6.8]
		at reactor.core.publisher.FluxMapFuseable$MapFuseableSubscriber.onSubscribe(FluxMapFuseable.java:96) ~[reactor-core-3.6.8.jar:3.6.8]
		at reactor.core.publisher.MonoCallable.subscribe(MonoCallable.java:48) ~[reactor-core-3.6.8.jar:3.6.8]
		at reactor.core.publisher.InternalMonoOperator.subscribe(InternalMonoOperator.java:76) ~[reactor-core-3.6.8.jar:3.6.8]
		at reactor.core.publisher.MonoFlatMap$FlatMapMain.onNext(MonoFlatMap.java:165) ~[reactor-core-3.6.8.jar:3.6.8]
		at reactor.core.publisher.FluxOnErrorResume$ResumeSubscriber.onNext(FluxOnErrorResume.java:79) ~[reactor-core-3.6.8.jar:3.6.8]
		at reactor.core.publisher.FluxOnErrorResume$ResumeSubscriber.onNext(FluxOnErrorResume.java:79) ~[reactor-core-3.6.8.jar:3.6.8]
		at reactor.core.publisher.FluxPeek$PeekSubscriber.onNext(FluxPeek.java:200) ~[reactor-core-3.6.8.jar:3.6.8]
		at reactor.core.publisher.MonoIgnoreThen$ThenIgnoreMain.complete(MonoIgnoreThen.java:294) ~[reactor-core-3.6.8.jar:3.6.8]
		at reactor.core.publisher.MonoIgnoreThen$ThenIgnoreMain.onNext(MonoIgnoreThen.java:188) ~[reactor-core-3.6.8.jar:3.6.8]
		at reactor.core.publisher.Operators$ScalarSubscription.request(Operators.java:2571) ~[reactor-core-3.6.8.jar:3.6.8]
		at reactor.core.publisher.MonoIgnoreThen$ThenIgnoreMain.onSubscribe(MonoIgnoreThen.java:135) ~[reactor-core-3.6.8.jar:3.6.8]
		at reactor.core.publisher.FluxFlatMap.trySubscribeScalarMap(FluxFlatMap.java:193) ~[reactor-core-3.6.8.jar:3.6.8]
		at reactor.core.publisher.MonoFlatMap.subscribeOrReturn(MonoFlatMap.java:53) ~[reactor-core-3.6.8.jar:3.6.8]
		at reactor.core.publisher.InternalMonoOperator.subscribe(InternalMonoOperator.java:63) ~[reactor-core-3.6.8.jar:3.6.8]
		at reactor.core.publisher.MonoDefer.subscribe(MonoDefer.java:53) ~[reactor-core-3.6.8.jar:3.6.8]
		at reactor.core.publisher.MonoIgnoreThen$ThenIgnoreMain.subscribeNext(MonoIgnoreThen.java:241) ~[reactor-core-3.6.8.jar:3.6.8]
		at reactor.core.publisher.MonoIgnoreThen$ThenIgnoreMain.onComplete(MonoIgnoreThen.java:204) ~[reactor-core-3.6.8.jar:3.6.8]
		at reactor.core.publisher.MonoFlatMap$FlatMapMain.onComplete(MonoFlatMap.java:189) ~[reactor-core-3.6.8.jar:3.6.8]
		at reactor.core.publisher.Operators.complete(Operators.java:137) ~[reactor-core-3.6.8.jar:3.6.8]
		at reactor.core.publisher.MonoZip.subscribe(MonoZip.java:121) ~[reactor-core-3.6.8.jar:3.6.8]
		at reactor.core.publisher.Mono.subscribe(Mono.java:4568) ~[reactor-core-3.6.8.jar:3.6.8]
		at reactor.core.publisher.MonoIgnoreThen$ThenIgnoreMain.subscribeNext(MonoIgnoreThen.java:265) ~[reactor-core-3.6.8.jar:3.6.8]
		at reactor.core.publisher.MonoIgnoreThen.subscribe(MonoIgnoreThen.java:51) ~[reactor-core-3.6.8.jar:3.6.8]
		at reactor.core.publisher.InternalMonoOperator.subscribe(InternalMonoOperator.java:76) ~[reactor-core-3.6.8.jar:3.6.8]
		at reactor.core.publisher.MonoFlatMap$FlatMapMain.onNext(MonoFlatMap.java:165) ~[reactor-core-3.6.8.jar:3.6.8]
		at reactor.core.publisher.FluxOnErrorResume$ResumeSubscriber.onNext(FluxOnErrorResume.java:79) ~[reactor-core-3.6.8.jar:3.6.8]
		at reactor.core.publisher.FluxSwitchIfEmpty$SwitchIfEmptySubscriber.onNext(FluxSwitchIfEmpty.java:74) ~[reactor-core-3.6.8.jar:3.6.8]
		at reactor.core.publisher.MonoNext$NextSubscriber.onNext(MonoNext.java:82) ~[reactor-core-3.6.8.jar:3.6.8]
		at reactor.core.publisher.FluxConcatMapNoPrefetch$FluxConcatMapNoPrefetchSubscriber.innerNext(FluxConcatMapNoPrefetch.java:259) ~[reactor-core-3.6.8.jar:3.6.8]
		at reactor.core.publisher.FluxConcatMap$ConcatMapInner.onNext(FluxConcatMap.java:865) ~[reactor-core-3.6.8.jar:3.6.8]
		at reactor.core.publisher.FluxMapFuseable$MapFuseableSubscriber.onNext(FluxMapFuseable.java:129) ~[reactor-core-3.6.8.jar:3.6.8]
		at reactor.core.publisher.MonoPeekTerminal$MonoTerminalPeekSubscriber.onNext(MonoPeekTerminal.java:180) ~[reactor-core-3.6.8.jar:3.6.8]
		at reactor.core.publisher.Operators$ScalarSubscription.request(Operators.java:2571) ~[reactor-core-3.6.8.jar:3.6.8]
		at reactor.core.publisher.MonoPeekTerminal$MonoTerminalPeekSubscriber.request(MonoPeekTerminal.java:139) ~[reactor-core-3.6.8.jar:3.6.8]
		at reactor.core.publisher.FluxMapFuseable$MapFuseableSubscriber.request(FluxMapFuseable.java:171) ~[reactor-core-3.6.8.jar:3.6.8]
		at reactor.core.publisher.Operators$MultiSubscriptionSubscriber.request(Operators.java:2331) ~[reactor-core-3.6.8.jar:3.6.8]
		at reactor.core.publisher.FluxConcatMapNoPrefetch$FluxConcatMapNoPrefetchSubscriber.request(FluxConcatMapNoPrefetch.java:339) ~[reactor-core-3.6.8.jar:3.6.8]
		at reactor.core.publisher.MonoNext$NextSubscriber.request(MonoNext.java:108) ~[reactor-core-3.6.8.jar:3.6.8]
		at reactor.core.publisher.Operators$MultiSubscriptionSubscriber.set(Operators.java:2367) ~[reactor-core-3.6.8.jar:3.6.8]
		at reactor.core.publisher.Operators$MultiSubscriptionSubscriber.onSubscribe(Operators.java:2241) ~[reactor-core-3.6.8.jar:3.6.8]
		at reactor.core.publisher.MonoNext$NextSubscriber.onSubscribe(MonoNext.java:70) ~[reactor-core-3.6.8.jar:3.6.8]
		at reactor.core.publisher.FluxConcatMapNoPrefetch$FluxConcatMapNoPrefetchSubscriber.onSubscribe(FluxConcatMapNoPrefetch.java:164) ~[reactor-core-3.6.8.jar:3.6.8]
		at reactor.core.publisher.FluxIterable.subscribe(FluxIterable.java:201) ~[reactor-core-3.6.8.jar:3.6.8]
		at reactor.core.publisher.FluxIterable.subscribe(FluxIterable.java:83) ~[reactor-core-3.6.8.jar:3.6.8]
		at reactor.core.publisher.InternalMonoOperator.subscribe(InternalMonoOperator.java:76) ~[reactor-core-3.6.8.jar:3.6.8]
		at reactor.core.publisher.MonoDefer.subscribe(MonoDefer.java:53) ~[reactor-core-3.6.8.jar:3.6.8]
		at reactor.core.publisher.Mono.subscribe(Mono.java:4568) ~[reactor-core-3.6.8.jar:3.6.8]
		at reactor.core.publisher.MonoIgnoreThen$ThenIgnoreMain.subscribeNext(MonoIgnoreThen.java:265) ~[reactor-core-3.6.8.jar:3.6.8]
		at reactor.core.publisher.MonoIgnoreThen.subscribe(MonoIgnoreThen.java:51) ~[reactor-core-3.6.8.jar:3.6.8]
		at reactor.core.publisher.Mono.subscribe(Mono.java:4568) ~[reactor-core-3.6.8.jar:3.6.8]
		at reactor.core.publisher.Mono.subscribeWith(Mono.java:4634) ~[reactor-core-3.6.8.jar:3.6.8]
		at reactor.core.publisher.Mono.subscribe(Mono.java:4534) ~[reactor-core-3.6.8.jar:3.6.8]
		at reactor.core.publisher.Mono.subscribe(Mono.java:4470) ~[reactor-core-3.6.8.jar:3.6.8]
		at org.springframework.test.web.reactive.server.HttpHandlerConnector.lambda$doConnect$2(HttpHandlerConnector.java:100) ~[spring-test-6.1.11.jar:6.1.11]
		at org.springframework.mock.http.client.reactive.MockClientHttpRequest.lambda$writeWith$2(MockClientHttpRequest.java:124) ~[spring-test-6.1.11.jar:6.1.11]
		at reactor.core.publisher.MonoDefer.subscribe(MonoDefer.java:45) ~[reactor-core-3.6.8.jar:3.6.8]
		at reactor.core.publisher.Mono.subscribe(Mono.java:4568) ~[reactor-core-3.6.8.jar:3.6.8]
		at reactor.core.publisher.FluxConcatIterable$ConcatIterableSubscriber.onComplete(FluxConcatIterable.java:148) ~[reactor-core-3.6.8.jar:3.6.8]
		at reactor.core.publisher.FluxConcatIterable.subscribe(FluxConcatIterable.java:60) ~[reactor-core-3.6.8.jar:3.6.8]
		at reactor.core.publisher.Mono.subscribe(Mono.java:4568) ~[reactor-core-3.6.8.jar:3.6.8]
		at reactor.core.publisher.Mono.subscribeWith(Mono.java:4634) ~[reactor-core-3.6.8.jar:3.6.8]
		at reactor.core.publisher.Mono.subscribe(Mono.java:4534) ~[reactor-core-3.6.8.jar:3.6.8]
		at reactor.core.publisher.Mono.subscribe(Mono.java:4470) ~[reactor-core-3.6.8.jar:3.6.8]
		at org.springframework.test.web.reactive.server.HttpHandlerConnector.doConnect(HttpHandlerConnector.java:114) ~[spring-test-6.1.11.jar:6.1.11]
		at org.springframework.test.web.reactive.server.HttpHandlerConnector.lambda$connect$0(HttpHandlerConnector.java:81) ~[spring-test-6.1.11.jar:6.1.11]
		at reactor.core.publisher.MonoDefer.subscribe(MonoDefer.java:45) ~[reactor-core-3.6.8.jar:3.6.8]
		at reactor.core.publisher.Mono.subscribe(Mono.java:4568) ~[reactor-core-3.6.8.jar:3.6.8]
		at reactor.core.publisher.MonoSubscribeOn$SubscribeOnSubscriber.run(MonoSubscribeOn.java:126) ~[reactor-core-3.6.8.jar:3.6.8]
		at reactor.core.scheduler.WorkerTask.call(WorkerTask.java:84) ~[reactor-core-3.6.8.jar:3.6.8]
		at reactor.core.scheduler.WorkerTask.call(WorkerTask.java:37) ~[reactor-core-3.6.8.jar:3.6.8]
		at java.base/java.util.concurrent.FutureTask.run(FutureTask.java:317) ~[na:na]
		at java.base/java.util.concurrent.ScheduledThreadPoolExecutor$ScheduledFutureTask.run(ScheduledThreadPoolExecutor.java:304) ~[na:na]
		at java.base/java.util.concurrent.ThreadPoolExecutor.runWorker(ThreadPoolExecutor.java:1144) ~[na:na]
		at java.base/java.util.concurrent.ThreadPoolExecutor$Worker.run(ThreadPoolExecutor.java:642) ~[na:na]
		at java.base/java.lang.Thread.run(Thread.java:1583) ~[na:na]

&amp#27;[2m2025-03-10T10:06:25.899+07:00&amp#27;[0;39m &amp#27;[32mTRACE&amp#27;[0;39m &amp#27;[35m11988&amp#27;[0;39m &amp#27;[2m---&amp#27;[0;39m &amp#27;[2m[     parallel-7]&amp#27;[0;39m &amp#27;[2m&amp#27;[0;39m&amp#27;[36mo.s.w.r.f.client.ExchangeFunctions      &amp#27;[0;39m &amp#27;[2m:&amp#27;[0;39m [55682482] [578d65e0] Response 500 INTERNAL_SERVER_ERROR, headers={masked}
]]></system-out>
  </testcase>
  <testcase name="postRequestMultipartNoBody" classname="com.nephren.raven.apiclient.RavenApiClientPostTests" time="0.041">
    <system-out><![CDATA[&amp#27;[2m2025-03-10T10:06:25.910+07:00&amp#27;[0;39m &amp#27;[32mTRACE&amp#27;[0;39m &amp#27;[35m11988&amp#27;[0;39m &amp#27;[2m---&amp#27;[0;39m &amp#27;[2m[           main]&amp#27;[0;39m &amp#27;[2m&amp#27;[0;39m&amp#27;[36mo.s.w.r.f.client.ExchangeFunctions      &amp#27;[0;39m &amp#27;[2m:&amp#27;[0;39m [799fb45e] HTTP POST http://localhost:8080/post/multipart-noBody, headers={masked}
&amp#27;[2m2025-03-10T10:06:25.915+07:00&amp#27;[0;39m &amp#27;[32mTRACE&amp#27;[0;39m &amp#27;[35m11988&amp#27;[0;39m &amp#27;[2m---&amp#27;[0;39m &amp#27;[2m[     parallel-8]&amp#27;[0;39m &amp#27;[2m&amp#27;[0;39m&amp#27;[36mo.s.w.r.f.client.ExchangeFunctions      &amp#27;[0;39m &amp#27;[2m:&amp#27;[0;39m [44373727] HTTP POST http://localhost:8080/postRequest-multipart-noBody, headers={masked}
&amp#27;[2m2025-03-10T10:06:25.916+07:00&amp#27;[0;39m &amp#27;[32mDEBUG&amp#27;[0;39m &amp#27;[35m11988&amp#27;[0;39m &amp#27;[2m---&amp#27;[0;39m &amp#27;[2m[ctor-http-nio-3]&amp#27;[0;39m &amp#27;[2m&amp#27;[0;39m&amp#27;[36mr.netty.http.client.HttpClientConnect   &amp#27;[0;39m &amp#27;[2m:&amp#27;[0;39m [9cdf29d6-17, L:/127.0.0.1:55071 - R:localhost/127.0.0.1:8080] Handler is being applied: {uri=http://localhost:8080/postRequest-multipart-noBody, method=POST}
&amp#27;[2m2025-03-10T10:06:25.941+07:00&amp#27;[0;39m &amp#27;[32mDEBUG&amp#27;[0;39m &amp#27;[35m11988&amp#27;[0;39m &amp#27;[2m---&amp#27;[0;39m &amp#27;[2m[ctor-http-nio-3]&amp#27;[0;39m &amp#27;[2m&amp#27;[0;39m&amp#27;[36mr.n.http.client.HttpClientOperations    &amp#27;[0;39m &amp#27;[2m:&amp#27;[0;39m [9cdf29d6-17, L:/127.0.0.1:55071 - R:localhost/127.0.0.1:8080] Received response (auto-read:false) : RESPONSE(decodeResult: success, version: HTTP/1.1)
HTTP/1.1 200 OK
Content-Type: <filtered>
Content-Length: <filtered>
&amp#27;[2m2025-03-10T10:06:25.941+07:00&amp#27;[0;39m &amp#27;[32mTRACE&amp#27;[0;39m &amp#27;[35m11988&amp#27;[0;39m &amp#27;[2m---&amp#27;[0;39m &amp#27;[2m[ctor-http-nio-3]&amp#27;[0;39m &amp#27;[2m&amp#27;[0;39m&amp#27;[36mo.s.w.r.f.client.ExchangeFunctions      &amp#27;[0;39m &amp#27;[2m:&amp#27;[0;39m [44373727] [9cdf29d6-17] Response 200 OK, headers={masked}
&amp#27;[2m2025-03-10T10:06:25.942+07:00&amp#27;[0;39m &amp#27;[32mDEBUG&amp#27;[0;39m &amp#27;[35m11988&amp#27;[0;39m &amp#27;[2m---&amp#27;[0;39m &amp#27;[2m[ctor-http-nio-3]&amp#27;[0;39m &amp#27;[2m&amp#27;[0;39m&amp#27;[36mr.n.http.client.HttpClientOperations    &amp#27;[0;39m &amp#27;[2m:&amp#27;[0;39m [9cdf29d6-17, L:/127.0.0.1:55071 - R:localhost/127.0.0.1:8080] Received last HTTP packet
&amp#27;[2m2025-03-10T10:06:25.944+07:00&amp#27;[0;39m &amp#27;[32mTRACE&amp#27;[0;39m &amp#27;[35m11988&amp#27;[0;39m &amp#27;[2m---&amp#27;[0;39m &amp#27;[2m[ctor-http-nio-3]&amp#27;[0;39m &amp#27;[2m&amp#27;[0;39m&amp#27;[36mo.s.w.r.f.client.ExchangeFunctions      &amp#27;[0;39m &amp#27;[2m:&amp#27;[0;39m [799fb45e] [4d61b8b2] Response 200 OK, headers={masked}
]]></system-out>
  </testcase>
  <testcase name="postRequestMultipart" classname="com.nephren.raven.apiclient.RavenApiClientPostTests" time="0.108">
    <system-out><![CDATA[&amp#27;[2m2025-03-10T10:06:25.959+07:00&amp#27;[0;39m &amp#27;[32mTRACE&amp#27;[0;39m &amp#27;[35m11988&amp#27;[0;39m &amp#27;[2m---&amp#27;[0;39m &amp#27;[2m[           main]&amp#27;[0;39m &amp#27;[2m&amp#27;[0;39m&amp#27;[36mo.s.w.r.f.client.ExchangeFunctions      &amp#27;[0;39m &amp#27;[2m:&amp#27;[0;39m [4e26564d] HTTP POST http://localhost:8080/post/multipart, headers={masked}
&amp#27;[2m2025-03-10T10:06:26.041+07:00&amp#27;[0;39m &amp#27;[32mTRACE&amp#27;[0;39m &amp#27;[35m11988&amp#27;[0;39m &amp#27;[2m---&amp#27;[0;39m &amp#27;[2m[oundedElastic-2]&amp#27;[0;39m &amp#27;[2m&amp#27;[0;39m&amp#27;[36mo.s.w.r.f.client.ExchangeFunctions      &amp#27;[0;39m &amp#27;[2m:&amp#27;[0;39m [7f5c4865] HTTP POST http://localhost:8080/postRequest-multipart, headers={masked}
&amp#27;[2m2025-03-10T10:06:26.042+07:00&amp#27;[0;39m &amp#27;[32mDEBUG&amp#27;[0;39m &amp#27;[35m11988&amp#27;[0;39m &amp#27;[2m---&amp#27;[0;39m &amp#27;[2m[ctor-http-nio-3]&amp#27;[0;39m &amp#27;[2m&amp#27;[0;39m&amp#27;[36mr.netty.http.client.HttpClientConnect   &amp#27;[0;39m &amp#27;[2m:&amp#27;[0;39m [9cdf29d6-18, L:/127.0.0.1:55071 - R:localhost/127.0.0.1:8080] Handler is being applied: {uri=http://localhost:8080/postRequest-multipart, method=POST}
&amp#27;[2m2025-03-10T10:06:26.051+07:00&amp#27;[0;39m &amp#27;[32mDEBUG&amp#27;[0;39m &amp#27;[35m11988&amp#27;[0;39m &amp#27;[2m---&amp#27;[0;39m &amp#27;[2m[ctor-http-nio-3]&amp#27;[0;39m &amp#27;[2m&amp#27;[0;39m&amp#27;[36mr.n.http.client.HttpClientOperations    &amp#27;[0;39m &amp#27;[2m:&amp#27;[0;39m [9cdf29d6-18, L:/127.0.0.1:55071 - R:localhost/127.0.0.1:8080] Received response (auto-read:false) : RESPONSE(decodeResult: success, version: HTTP/1.1)
HTTP/1.1 200 OK
Content-Type: <filtered>
Content-Length: <filtered>
&amp#27;[2m2025-03-10T10:06:26.052+07:00&amp#27;[0;39m &amp#27;[32mTRACE&amp#27;[0;39m &amp#27;[35m11988&amp#27;[0;39m &amp#27;[2m---&amp#27;[0;39m &amp#27;[2m[ctor-http-nio-3]&amp#27;[0;39m &amp#27;[2m&amp#27;[0;39m&amp#27;[36mo.s.w.r.f.client.ExchangeFunctions      &amp#27;[0;39m &amp#27;[2m:&amp#27;[0;39m [7f5c4865] [9cdf29d6-18] Response 200 OK, headers={masked}
&amp#27;[2m2025-03-10T10:06:26.052+07:00&amp#27;[0;39m &amp#27;[32mDEBUG&amp#27;[0;39m &amp#27;[35m11988&amp#27;[0;39m &amp#27;[2m---&amp#27;[0;39m &amp#27;[2m[ctor-http-nio-3]&amp#27;[0;39m &amp#27;[2m&amp#27;[0;39m&amp#27;[36mr.n.http.client.HttpClientOperations    &amp#27;[0;39m &amp#27;[2m:&amp#27;[0;39m [9cdf29d6-18, L:/127.0.0.1:55071 - R:localhost/127.0.0.1:8080] Received last HTTP packet
&amp#27;[2m2025-03-10T10:06:26.056+07:00&amp#27;[0;39m &amp#27;[32mTRACE&amp#27;[0;39m &amp#27;[35m11988&amp#27;[0;39m &amp#27;[2m---&amp#27;[0;39m &amp#27;[2m[ctor-http-nio-3]&amp#27;[0;39m &amp#27;[2m&amp#27;[0;39m&amp#27;[36mo.s.w.r.f.client.ExchangeFunctions      &amp#27;[0;39m &amp#27;[2m:&amp#27;[0;39m [4e26564d] [6de82bdd] Response 200 OK, headers={masked}
]]></system-out>
  </testcase>
  <testcase name="postRequestMultipartNoBodyPathVariable" classname="com.nephren.raven.apiclient.RavenApiClientPostTests" time="0.021">
    <system-out><![CDATA[&amp#27;[2m2025-03-10T10:06:26.061+07:00&amp#27;[0;39m &amp#27;[32mTRACE&amp#27;[0;39m &amp#27;[35m11988&amp#27;[0;39m &amp#27;[2m---&amp#27;[0;39m &amp#27;[2m[           main]&amp#27;[0;39m &amp#27;[2m&amp#27;[0;39m&amp#27;[36mo.s.w.r.f.client.ExchangeFunctions      &amp#27;[0;39m &amp#27;[2m:&amp#27;[0;39m [5627b8eb] HTTP POST http://localhost:8080/post/multipart-noBody-pathVariable/towa, headers={masked}
&amp#27;[2m2025-03-10T10:06:26.066+07:00&amp#27;[0;39m &amp#27;[32mTRACE&amp#27;[0;39m &amp#27;[35m11988&amp#27;[0;39m &amp#27;[2m---&amp#27;[0;39m &amp#27;[2m[     parallel-2]&amp#27;[0;39m &amp#27;[2m&amp#27;[0;39m&amp#27;[36mo.s.w.r.f.client.ExchangeFunctions      &amp#27;[0;39m &amp#27;[2m:&amp#27;[0;39m [3c6c4555] HTTP POST http://localhost:8080/postRequest-multipart-noBody-pathVariable/towa, headers={masked}
&amp#27;[2m2025-03-10T10:06:26.067+07:00&amp#27;[0;39m &amp#27;[32mDEBUG&amp#27;[0;39m &amp#27;[35m11988&amp#27;[0;39m &amp#27;[2m---&amp#27;[0;39m &amp#27;[2m[ctor-http-nio-3]&amp#27;[0;39m &amp#27;[2m&amp#27;[0;39m&amp#27;[36mr.netty.http.client.HttpClientConnect   &amp#27;[0;39m &amp#27;[2m:&amp#27;[0;39m [9cdf29d6-19, L:/127.0.0.1:55071 - R:localhost/127.0.0.1:8080] Handler is being applied: {uri=http://localhost:8080/postRequest-multipart-noBody-pathVariable/towa, method=POST}
&amp#27;[2m2025-03-10T10:06:26.074+07:00&amp#27;[0;39m &amp#27;[32mDEBUG&amp#27;[0;39m &amp#27;[35m11988&amp#27;[0;39m &amp#27;[2m---&amp#27;[0;39m &amp#27;[2m[ctor-http-nio-3]&amp#27;[0;39m &amp#27;[2m&amp#27;[0;39m&amp#27;[36mr.n.http.client.HttpClientOperations    &amp#27;[0;39m &amp#27;[2m:&amp#27;[0;39m [9cdf29d6-19, L:/127.0.0.1:55071 - R:localhost/127.0.0.1:8080] Received response (auto-read:false) : RESPONSE(decodeResult: success, version: HTTP/1.1)
HTTP/1.1 200 OK
Content-Type: <filtered>
Content-Length: <filtered>
&amp#27;[2m2025-03-10T10:06:26.074+07:00&amp#27;[0;39m &amp#27;[32mTRACE&amp#27;[0;39m &amp#27;[35m11988&amp#27;[0;39m &amp#27;[2m---&amp#27;[0;39m &amp#27;[2m[ctor-http-nio-3]&amp#27;[0;39m &amp#27;[2m&amp#27;[0;39m&amp#27;[36mo.s.w.r.f.client.ExchangeFunctions      &amp#27;[0;39m &amp#27;[2m:&amp#27;[0;39m [3c6c4555] [9cdf29d6-19] Response 200 OK, headers={masked}
&amp#27;[2m2025-03-10T10:06:26.074+07:00&amp#27;[0;39m &amp#27;[32mDEBUG&amp#27;[0;39m &amp#27;[35m11988&amp#27;[0;39m &amp#27;[2m---&amp#27;[0;39m &amp#27;[2m[ctor-http-nio-3]&amp#27;[0;39m &amp#27;[2m&amp#27;[0;39m&amp#27;[36mr.n.http.client.HttpClientOperations    &amp#27;[0;39m &amp#27;[2m:&amp#27;[0;39m [9cdf29d6-19, L:/127.0.0.1:55071 - R:localhost/127.0.0.1:8080] Received last HTTP packet
&amp#27;[2m2025-03-10T10:06:26.076+07:00&amp#27;[0;39m &amp#27;[32mTRACE&amp#27;[0;39m &amp#27;[35m11988&amp#27;[0;39m &amp#27;[2m---&amp#27;[0;39m &amp#27;[2m[ctor-http-nio-3]&amp#27;[0;39m &amp#27;[2m&amp#27;[0;39m&amp#27;[36mo.s.w.r.f.client.ExchangeFunctions      &amp#27;[0;39m &amp#27;[2m:&amp#27;[0;39m [5627b8eb] [3fb481ca] Response 200 OK, headers={masked}
]]></system-out>
  </testcase>
  <testcase name="postRequestApplicationForm" classname="com.nephren.raven.apiclient.RavenApiClientPostTests" time="0.022">
    <system-out><![CDATA[&amp#27;[2m2025-03-10T10:06:26.085+07:00&amp#27;[0;39m &amp#27;[32mTRACE&amp#27;[0;39m &amp#27;[35m11988&amp#27;[0;39m &amp#27;[2m---&amp#27;[0;39m &amp#27;[2m[           main]&amp#27;[0;39m &amp#27;[2m&amp#27;[0;39m&amp#27;[36mo.s.w.r.f.client.ExchangeFunctions      &amp#27;[0;39m &amp#27;[2m:&amp#27;[0;39m [397a10df] HTTP POST http://localhost:8080/post/applicationForm, headers={masked}
&amp#27;[2m2025-03-10T10:06:26.094+07:00&amp#27;[0;39m &amp#27;[32mTRACE&amp#27;[0;39m &amp#27;[35m11988&amp#27;[0;39m &amp#27;[2m---&amp#27;[0;39m &amp#27;[2m[     parallel-3]&amp#27;[0;39m &amp#27;[2m&amp#27;[0;39m&amp#27;[36mo.s.w.r.f.client.ExchangeFunctions      &amp#27;[0;39m &amp#27;[2m:&amp#27;[0;39m [56cc2e91] HTTP POST http://localhost:8080/postRequest-applicationForm, headers={masked}
&amp#27;[2m2025-03-10T10:06:26.095+07:00&amp#27;[0;39m &amp#27;[32mDEBUG&amp#27;[0;39m &amp#27;[35m11988&amp#27;[0;39m &amp#27;[2m---&amp#27;[0;39m &amp#27;[2m[ctor-http-nio-3]&amp#27;[0;39m &amp#27;[2m&amp#27;[0;39m&amp#27;[36mr.netty.http.client.HttpClientConnect   &amp#27;[0;39m &amp#27;[2m:&amp#27;[0;39m [9cdf29d6-20, L:/127.0.0.1:55071 - R:localhost/127.0.0.1:8080] Handler is being applied: {uri=http://localhost:8080/postRequest-applicationForm, method=POST}
&amp#27;[2m2025-03-10T10:06:26.101+07:00&amp#27;[0;39m &amp#27;[32mDEBUG&amp#27;[0;39m &amp#27;[35m11988&amp#27;[0;39m &amp#27;[2m---&amp#27;[0;39m &amp#27;[2m[ctor-http-nio-3]&amp#27;[0;39m &amp#27;[2m&amp#27;[0;39m&amp#27;[36mr.n.http.client.HttpClientOperations    &amp#27;[0;39m &amp#27;[2m:&amp#27;[0;39m [9cdf29d6-20, L:/127.0.0.1:55071 - R:localhost/127.0.0.1:8080] Received response (auto-read:false) : RESPONSE(decodeResult: success, version: HTTP/1.1)
HTTP/1.1 200 OK
Content-Type: <filtered>
Content-Length: <filtered>
&amp#27;[2m2025-03-10T10:06:26.101+07:00&amp#27;[0;39m &amp#27;[32mTRACE&amp#27;[0;39m &amp#27;[35m11988&amp#27;[0;39m &amp#27;[2m---&amp#27;[0;39m &amp#27;[2m[ctor-http-nio-3]&amp#27;[0;39m &amp#27;[2m&amp#27;[0;39m&amp#27;[36mo.s.w.r.f.client.ExchangeFunctions      &amp#27;[0;39m &amp#27;[2m:&amp#27;[0;39m [56cc2e91] [9cdf29d6-20] Response 200 OK, headers={masked}
&amp#27;[2m2025-03-10T10:06:26.102+07:00&amp#27;[0;39m &amp#27;[32mDEBUG&amp#27;[0;39m &amp#27;[35m11988&amp#27;[0;39m &amp#27;[2m---&amp#27;[0;39m &amp#27;[2m[ctor-http-nio-3]&amp#27;[0;39m &amp#27;[2m&amp#27;[0;39m&amp#27;[36mr.n.http.client.HttpClientOperations    &amp#27;[0;39m &amp#27;[2m:&amp#27;[0;39m [9cdf29d6-20, L:/127.0.0.1:55071 - R:localhost/127.0.0.1:8080] Received last HTTP packet
&amp#27;[2m2025-03-10T10:06:26.103+07:00&amp#27;[0;39m &amp#27;[32mTRACE&amp#27;[0;39m &amp#27;[35m11988&amp#27;[0;39m &amp#27;[2m---&amp#27;[0;39m &amp#27;[2m[ctor-http-nio-3]&amp#27;[0;39m &amp#27;[2m&amp#27;[0;39m&amp#27;[36mo.s.w.r.f.client.ExchangeFunctions      &amp#27;[0;39m &amp#27;[2m:&amp#27;[0;39m [397a10df] [7fd00aa6] Response 200 OK, headers={masked}
]]></system-out>
  </testcase>
  <testcase name="postRequestMultipartReactive" classname="com.nephren.raven.apiclient.RavenApiClientPostTests" time="0.047">
    <system-out><![CDATA[&amp#27;[2m2025-03-10T10:06:26.112+07:00&amp#27;[0;39m &amp#27;[32mTRACE&amp#27;[0;39m &amp#27;[35m11988&amp#27;[0;39m &amp#27;[2m---&amp#27;[0;39m &amp#27;[2m[           main]&amp#27;[0;39m &amp#27;[2m&amp#27;[0;39m&amp#27;[36mo.s.w.r.f.client.ExchangeFunctions      &amp#27;[0;39m &amp#27;[2m:&amp#27;[0;39m [141dfcf9] HTTP POST http://localhost:8080/post/multipart-reactive, headers={masked}
&amp#27;[2m2025-03-10T10:06:26.121+07:00&amp#27;[0;39m &amp#27;[32mTRACE&amp#27;[0;39m &amp#27;[35m11988&amp#27;[0;39m &amp#27;[2m---&amp#27;[0;39m &amp#27;[2m[oundedElastic-1]&amp#27;[0;39m &amp#27;[2m&amp#27;[0;39m&amp#27;[36mo.s.w.r.f.client.ExchangeFunctions      &amp#27;[0;39m &amp#27;[2m:&amp#27;[0;39m [6cca0a25] HTTP POST http://localhost:8080/postRequest-multipart-reactive, headers={masked}
&amp#27;[2m2025-03-10T10:06:26.123+07:00&amp#27;[0;39m &amp#27;[32mDEBUG&amp#27;[0;39m &amp#27;[35m11988&amp#27;[0;39m &amp#27;[2m---&amp#27;[0;39m &amp#27;[2m[ctor-http-nio-3]&amp#27;[0;39m &amp#27;[2m&amp#27;[0;39m&amp#27;[36mr.netty.http.client.HttpClientConnect   &amp#27;[0;39m &amp#27;[2m:&amp#27;[0;39m [9cdf29d6-21, L:/127.0.0.1:55071 - R:localhost/127.0.0.1:8080] Handler is being applied: {uri=http://localhost:8080/postRequest-multipart-reactive, method=POST}
&amp#27;[2m2025-03-10T10:06:26.142+07:00&amp#27;[0;39m &amp#27;[32mDEBUG&amp#27;[0;39m &amp#27;[35m11988&amp#27;[0;39m &amp#27;[2m---&amp#27;[0;39m &amp#27;[2m[ctor-http-nio-3]&amp#27;[0;39m &amp#27;[2m&amp#27;[0;39m&amp#27;[36mr.n.http.client.HttpClientOperations    &amp#27;[0;39m &amp#27;[2m:&amp#27;[0;39m [9cdf29d6-21, L:/127.0.0.1:55071 - R:localhost/127.0.0.1:8080] Received response (auto-read:false) : RESPONSE(decodeResult: success, version: HTTP/1.1)
HTTP/1.1 200 OK
Content-Type: <filtered>
Content-Length: <filtered>
&amp#27;[2m2025-03-10T10:06:26.143+07:00&amp#27;[0;39m &amp#27;[32mTRACE&amp#27;[0;39m &amp#27;[35m11988&amp#27;[0;39m &amp#27;[2m---&amp#27;[0;39m &amp#27;[2m[ctor-http-nio-3]&amp#27;[0;39m &amp#27;[2m&amp#27;[0;39m&amp#27;[36mo.s.w.r.f.client.ExchangeFunctions      &amp#27;[0;39m &amp#27;[2m:&amp#27;[0;39m [6cca0a25] [9cdf29d6-21] Response 200 OK, headers={masked}
&amp#27;[2m2025-03-10T10:06:26.144+07:00&amp#27;[0;39m &amp#27;[32mDEBUG&amp#27;[0;39m &amp#27;[35m11988&amp#27;[0;39m &amp#27;[2m---&amp#27;[0;39m &amp#27;[2m[ctor-http-nio-3]&amp#27;[0;39m &amp#27;[2m&amp#27;[0;39m&amp#27;[36mr.n.http.client.HttpClientOperations    &amp#27;[0;39m &amp#27;[2m:&amp#27;[0;39m [9cdf29d6-21, L:/127.0.0.1:55071 - R:localhost/127.0.0.1:8080] Received last HTTP packet
&amp#27;[2m2025-03-10T10:06:26.146+07:00&amp#27;[0;39m &amp#27;[32mTRACE&amp#27;[0;39m &amp#27;[35m11988&amp#27;[0;39m &amp#27;[2m---&amp#27;[0;39m &amp#27;[2m[ctor-http-nio-3]&amp#27;[0;39m &amp#27;[2m&amp#27;[0;39m&amp#27;[36mo.s.w.r.f.client.ExchangeFunctions      &amp#27;[0;39m &amp#27;[2m:&amp#27;[0;39m [141dfcf9] [421ebeb8] Response 200 OK, headers={masked}
]]></system-out>
  </testcase>
  <testcase name="postRequestMultipartReactiveMono" classname="com.nephren.raven.apiclient.RavenApiClientPostTests" time="0.049">
    <system-out><![CDATA[&amp#27;[2m2025-03-10T10:06:26.164+07:00&amp#27;[0;39m &amp#27;[32mTRACE&amp#27;[0;39m &amp#27;[35m11988&amp#27;[0;39m &amp#27;[2m---&amp#27;[0;39m &amp#27;[2m[           main]&amp#27;[0;39m &amp#27;[2m&amp#27;[0;39m&amp#27;[36mo.s.w.r.f.client.ExchangeFunctions      &amp#27;[0;39m &amp#27;[2m:&amp#27;[0;39m [63eea8c4] HTTP POST http://localhost:8080/post/multipart-reactive-mono, headers={masked}
&amp#27;[2m2025-03-10T10:06:26.176+07:00&amp#27;[0;39m &amp#27;[32mTRACE&amp#27;[0;39m &amp#27;[35m11988&amp#27;[0;39m &amp#27;[2m---&amp#27;[0;39m &amp#27;[2m[oundedElastic-2]&amp#27;[0;39m &amp#27;[2m&amp#27;[0;39m&amp#27;[36mo.s.w.r.f.client.ExchangeFunctions      &amp#27;[0;39m &amp#27;[2m:&amp#27;[0;39m [2f385929] HTTP POST http://localhost:8080/postRequest-multipart-reactive, headers={masked}
&amp#27;[2m2025-03-10T10:06:26.177+07:00&amp#27;[0;39m &amp#27;[32mDEBUG&amp#27;[0;39m &amp#27;[35m11988&amp#27;[0;39m &amp#27;[2m---&amp#27;[0;39m &amp#27;[2m[ctor-http-nio-3]&amp#27;[0;39m &amp#27;[2m&amp#27;[0;39m&amp#27;[36mr.netty.http.client.HttpClientConnect   &amp#27;[0;39m &amp#27;[2m:&amp#27;[0;39m [9cdf29d6-22, L:/127.0.0.1:55071 - R:localhost/127.0.0.1:8080] Handler is being applied: {uri=http://localhost:8080/postRequest-multipart-reactive, method=POST}
&amp#27;[2m2025-03-10T10:06:26.195+07:00&amp#27;[0;39m &amp#27;[32mDEBUG&amp#27;[0;39m &amp#27;[35m11988&amp#27;[0;39m &amp#27;[2m---&amp#27;[0;39m &amp#27;[2m[ctor-http-nio-3]&amp#27;[0;39m &amp#27;[2m&amp#27;[0;39m&amp#27;[36mr.n.http.client.HttpClientOperations    &amp#27;[0;39m &amp#27;[2m:&amp#27;[0;39m [9cdf29d6-22, L:/127.0.0.1:55071 - R:localhost/127.0.0.1:8080] Received response (auto-read:false) : RESPONSE(decodeResult: success, version: HTTP/1.1)
HTTP/1.1 200 OK
Content-Type: <filtered>
Content-Length: <filtered>
&amp#27;[2m2025-03-10T10:06:26.196+07:00&amp#27;[0;39m &amp#27;[32mTRACE&amp#27;[0;39m &amp#27;[35m11988&amp#27;[0;39m &amp#27;[2m---&amp#27;[0;39m &amp#27;[2m[ctor-http-nio-3]&amp#27;[0;39m &amp#27;[2m&amp#27;[0;39m&amp#27;[36mo.s.w.r.f.client.ExchangeFunctions      &amp#27;[0;39m &amp#27;[2m:&amp#27;[0;39m [2f385929] [9cdf29d6-22] Response 200 OK, headers={masked}
&amp#27;[2m2025-03-10T10:06:26.197+07:00&amp#27;[0;39m &amp#27;[32mDEBUG&amp#27;[0;39m &amp#27;[35m11988&amp#27;[0;39m &amp#27;[2m---&amp#27;[0;39m &amp#27;[2m[ctor-http-nio-3]&amp#27;[0;39m &amp#27;[2m&amp#27;[0;39m&amp#27;[36mr.n.http.client.HttpClientOperations    &amp#27;[0;39m &amp#27;[2m:&amp#27;[0;39m [9cdf29d6-22, L:/127.0.0.1:55071 - R:localhost/127.0.0.1:8080] Received last HTTP packet
&amp#27;[2m2025-03-10T10:06:26.200+07:00&amp#27;[0;39m &amp#27;[32mTRACE&amp#27;[0;39m &amp#27;[35m11988&amp#27;[0;39m &amp#27;[2m---&amp#27;[0;39m &amp#27;[2m[ctor-http-nio-3]&amp#27;[0;39m &amp#27;[2m&amp#27;[0;39m&amp#27;[36mo.s.w.r.f.client.ExchangeFunctions      &amp#27;[0;39m &amp#27;[2m:&amp#27;[0;39m [63eea8c4] [6e04d3e5] Response 200 OK, headers={masked}
]]></system-out>
  </testcase>
  <testcase name="postRequestApplicationFormNoBody" classname="com.nephren.raven.apiclient.RavenApiClientPostTests" time="0.024">
    <system-out><![CDATA[&amp#27;[2m2025-03-10T10:06:26.213+07:00&amp#27;[0;39m &amp#27;[32mTRACE&amp#27;[0;39m &amp#27;[35m11988&amp#27;[0;39m &amp#27;[2m---&amp#27;[0;39m &amp#27;[2m[           main]&amp#27;[0;39m &amp#27;[2m&amp#27;[0;39m&amp#27;[36mo.s.w.r.f.client.ExchangeFunctions      &amp#27;[0;39m &amp#27;[2m:&amp#27;[0;39m [621392ea] HTTP POST http://localhost:8080/post/applicationForm-noBody, headers={masked}
&amp#27;[2m2025-03-10T10:06:26.217+07:00&amp#27;[0;39m &amp#27;[33m WARN&amp#27;[0;39m &amp#27;[35m11988&amp#27;[0;39m &amp#27;[2m---&amp#27;[0;39m &amp#27;[2m[     parallel-6]&amp#27;[0;39m &amp#27;[2m&amp#27;[0;39m&amp#27;[36m.n.r.a.i.RavenApiClientMethodInterceptor&amp#27;[0;39m &amp#27;[2m:&amp#27;[0;39m #RavenApiClientMethodInterceptor - doBody: body resolver can't resolve with method: postRequestApplicationFormNoBody and content type: application/x-www-form-urlencoded
&amp#27;[2m2025-03-10T10:06:26.217+07:00&amp#27;[0;39m &amp#27;[32mTRACE&amp#27;[0;39m &amp#27;[35m11988&amp#27;[0;39m &amp#27;[2m---&amp#27;[0;39m &amp#27;[2m[     parallel-6]&amp#27;[0;39m &amp#27;[2m&amp#27;[0;39m&amp#27;[36mo.s.w.r.f.client.ExchangeFunctions      &amp#27;[0;39m &amp#27;[2m:&amp#27;[0;39m [73f0d261] HTTP POST http://localhost:8080/postRequest-applicationForm-noBody, headers={masked}
&amp#27;[2m2025-03-10T10:06:26.219+07:00&amp#27;[0;39m &amp#27;[32mDEBUG&amp#27;[0;39m &amp#27;[35m11988&amp#27;[0;39m &amp#27;[2m---&amp#27;[0;39m &amp#27;[2m[ctor-http-nio-3]&amp#27;[0;39m &amp#27;[2m&amp#27;[0;39m&amp#27;[36mr.netty.http.client.HttpClientConnect   &amp#27;[0;39m &amp#27;[2m:&amp#27;[0;39m [9cdf29d6-23, L:/127.0.0.1:55071 - R:localhost/127.0.0.1:8080] Handler is being applied: {uri=http://localhost:8080/postRequest-applicationForm-noBody, method=POST}
&amp#27;[2m2025-03-10T10:06:26.227+07:00&amp#27;[0;39m &amp#27;[32mDEBUG&amp#27;[0;39m &amp#27;[35m11988&amp#27;[0;39m &amp#27;[2m---&amp#27;[0;39m &amp#27;[2m[ctor-http-nio-3]&amp#27;[0;39m &amp#27;[2m&amp#27;[0;39m&amp#27;[36mr.n.http.client.HttpClientOperations    &amp#27;[0;39m &amp#27;[2m:&amp#27;[0;39m [9cdf29d6-23, L:/127.0.0.1:55071 - R:localhost/127.0.0.1:8080] Received response (auto-read:false) : RESPONSE(decodeResult: success, version: HTTP/1.1)
HTTP/1.1 200 OK
Content-Type: <filtered>
Content-Length: <filtered>
&amp#27;[2m2025-03-10T10:06:26.228+07:00&amp#27;[0;39m &amp#27;[32mTRACE&amp#27;[0;39m &amp#27;[35m11988&amp#27;[0;39m &amp#27;[2m---&amp#27;[0;39m &amp#27;[2m[ctor-http-nio-3]&amp#27;[0;39m &amp#27;[2m&amp#27;[0;39m&amp#27;[36mo.s.w.r.f.client.ExchangeFunctions      &amp#27;[0;39m &amp#27;[2m:&amp#27;[0;39m [73f0d261] [9cdf29d6-23] Response 200 OK, headers={masked}
&amp#27;[2m2025-03-10T10:06:26.229+07:00&amp#27;[0;39m &amp#27;[32mDEBUG&amp#27;[0;39m &amp#27;[35m11988&amp#27;[0;39m &amp#27;[2m---&amp#27;[0;39m &amp#27;[2m[ctor-http-nio-3]&amp#27;[0;39m &amp#27;[2m&amp#27;[0;39m&amp#27;[36mr.n.http.client.HttpClientOperations    &amp#27;[0;39m &amp#27;[2m:&amp#27;[0;39m [9cdf29d6-23, L:/127.0.0.1:55071 - R:localhost/127.0.0.1:8080] Received last HTTP packet
&amp#27;[2m2025-03-10T10:06:26.231+07:00&amp#27;[0;39m &amp#27;[32mTRACE&amp#27;[0;39m &amp#27;[35m11988&amp#27;[0;39m &amp#27;[2m---&amp#27;[0;39m &amp#27;[2m[ctor-http-nio-3]&amp#27;[0;39m &amp#27;[2m&amp#27;[0;39m&amp#27;[36mo.s.w.r.f.client.ExchangeFunctions      &amp#27;[0;39m &amp#27;[2m:&amp#27;[0;39m [621392ea] [7525b53e] Response 200 OK, headers={masked}
]]></system-out>
  </testcase>
  <testcase name="postRequest" classname="com.nephren.raven.apiclient.RavenApiClientPostTests" time="0.027">
    <system-out><![CDATA[&amp#27;[2m2025-03-10T10:06:26.242+07:00&amp#27;[0;39m &amp#27;[32mTRACE&amp#27;[0;39m &amp#27;[35m11988&amp#27;[0;39m &amp#27;[2m---&amp#27;[0;39m &amp#27;[2m[           main]&amp#27;[0;39m &amp#27;[2m&amp#27;[0;39m&amp#27;[36mo.s.w.r.f.client.ExchangeFunctions      &amp#27;[0;39m &amp#27;[2m:&amp#27;[0;39m [23ec63af] HTTP POST http://localhost:8080/post, headers={masked}
&amp#27;[2m2025-03-10T10:06:26.249+07:00&amp#27;[0;39m &amp#27;[32mTRACE&amp#27;[0;39m &amp#27;[35m11988&amp#27;[0;39m &amp#27;[2m---&amp#27;[0;39m &amp#27;[2m[     parallel-7]&amp#27;[0;39m &amp#27;[2m&amp#27;[0;39m&amp#27;[36mo.s.w.r.f.client.ExchangeFunctions      &amp#27;[0;39m &amp#27;[2m:&amp#27;[0;39m [3960bd09] HTTP POST http://localhost:8080/postRequest, headers={masked}
&amp#27;[2m2025-03-10T10:06:26.251+07:00&amp#27;[0;39m &amp#27;[32mDEBUG&amp#27;[0;39m &amp#27;[35m11988&amp#27;[0;39m &amp#27;[2m---&amp#27;[0;39m &amp#27;[2m[ctor-http-nio-3]&amp#27;[0;39m &amp#27;[2m&amp#27;[0;39m&amp#27;[36mr.netty.http.client.HttpClientConnect   &amp#27;[0;39m &amp#27;[2m:&amp#27;[0;39m [9cdf29d6-24, L:/127.0.0.1:55071 - R:localhost/127.0.0.1:8080] Handler is being applied: {uri=http://localhost:8080/postRequest, method=POST}
&amp#27;[2m2025-03-10T10:06:26.260+07:00&amp#27;[0;39m &amp#27;[32mDEBUG&amp#27;[0;39m &amp#27;[35m11988&amp#27;[0;39m &amp#27;[2m---&amp#27;[0;39m &amp#27;[2m[ctor-http-nio-3]&amp#27;[0;39m &amp#27;[2m&amp#27;[0;39m&amp#27;[36mr.n.http.client.HttpClientOperations    &amp#27;[0;39m &amp#27;[2m:&amp#27;[0;39m [9cdf29d6-24, L:/127.0.0.1:55071 - R:localhost/127.0.0.1:8080] Received response (auto-read:false) : RESPONSE(decodeResult: success, version: HTTP/1.1)
HTTP/1.1 200 OK
Content-Type: <filtered>
Content-Length: <filtered>
&amp#27;[2m2025-03-10T10:06:26.261+07:00&amp#27;[0;39m &amp#27;[32mTRACE&amp#27;[0;39m &amp#27;[35m11988&amp#27;[0;39m &amp#27;[2m---&amp#27;[0;39m &amp#27;[2m[ctor-http-nio-3]&amp#27;[0;39m &amp#27;[2m&amp#27;[0;39m&amp#27;[36mo.s.w.r.f.client.ExchangeFunctions      &amp#27;[0;39m &amp#27;[2m:&amp#27;[0;39m [3960bd09] [9cdf29d6-24] Response 200 OK, headers={masked}
&amp#27;[2m2025-03-10T10:06:26.261+07:00&amp#27;[0;39m &amp#27;[32mDEBUG&amp#27;[0;39m &amp#27;[35m11988&amp#27;[0;39m &amp#27;[2m---&amp#27;[0;39m &amp#27;[2m[ctor-http-nio-3]&amp#27;[0;39m &amp#27;[2m&amp#27;[0;39m&amp#27;[36mr.n.http.client.HttpClientOperations    &amp#27;[0;39m &amp#27;[2m:&amp#27;[0;39m [9cdf29d6-24, L:/127.0.0.1:55071 - R:localhost/127.0.0.1:8080] Received last HTTP packet
&amp#27;[2m2025-03-10T10:06:26.263+07:00&amp#27;[0;39m &amp#27;[32mTRACE&amp#27;[0;39m &amp#27;[35m11988&amp#27;[0;39m &amp#27;[2m---&amp#27;[0;39m &amp#27;[2m[ctor-http-nio-3]&amp#27;[0;39m &amp#27;[2m&amp#27;[0;39m&amp#27;[36mo.s.w.r.f.client.ExchangeFunctions      &amp#27;[0;39m &amp#27;[2m:&amp#27;[0;39m [23ec63af] [adf1406] Response 200 OK, headers={masked}
]]></system-out>
  </testcase>
</testsuite>